Arguments: 
  /home/dory/.nvm/versions/node/v8.9.3/bin/node /usr/share/yarn/bin/yarn.js publish

PATH: 
  /home/dory/scoutr/ngx-toggle-switch/node_modules/.bin:/home/dory/.config/yarn/link/node_modules/.bin:/home/dory/scoutr/ngx-toggle-switch/node_modules/.bin:/home/dory/.config/yarn/link/node_modules/.bin:/home/dory/.yarn/bin:/home/dory/.nvm/versions/node/v8.9.3/libexec/lib/node_modules/npm/bin/node-gyp-bin:/home/dory/.nvm/versions/node/v8.9.3/lib/node_modules/npm/bin/node-gyp-bin:/home/dory/.nvm/versions/node/v8.9.3/bin/node_modules/npm/bin/node-gyp-bin:/home/dory/.nvm/versions/node/v8.9.3/bin:/home/dory/google-cloud-sdk/bin:/home/dory/.local/bin:node_modules/.bin/:/home/dory/.nvm/versions/node/v8.9.3/bin:/usr/local/sbin:/usr/local/bin:/usr/sbin:/usr/bin:/sbin:/bin:/usr/games:/usr/local/games:/snap/bin:/usr/lib/go-1.8/bin

Yarn version: 
  1.9.2

Node version: 
  8.9.3

Platform: 
  linux x64

Trace: 
  Error: canceled
      at Interface.<anonymous> (/usr/share/yarn/lib/cli.js:125950:13)
      at emitNone (events.js:106:13)
      at Interface.emit (events.js:208:7)
      at Interface._ttyWrite (readline.js:775:16)
      at ReadStream.onkeypress (readline.js:160:10)
      at emitTwo (events.js:126:13)
      at ReadStream.emit (events.js:214:7)
      at emitKeys (internal/readline.js:420:14)
      at emitKeys.next (<anonymous>)
      at ReadStream.onData (readline.js:1011:36)

npm manifest: 
  {
    "name": "ngx-toggle-switch",
    "version": "2.0.6",
    "description": "switch button for angular4",
    "bugs": "https://github.com/uncommonconcept/ngx-toggle-switch/issues",
    "homepage": "https://github.com/uncommonconcept/ngx-toggle-switch#readme",
    "repository": "https://github.com/uncommonconcept/ngx-toggle-switch.git",
    "license": "MIT",
    "author": "webcat12345",
    "keywords": [
      "angular2",
      "angular4",
      "ngx",
      "ng2",
      "uiswitch",
      "switch",
      "ui"
    ],
    "main": "./ui-switch.umd.js",
    "module": "./ui-switch.es5.js",
    "es2015": "./ui-switch.es2015.js",
    "typings": "./index.d.ts",
    "peerDependencies": {
      "@angular/core": ">=5.0.0 <=6.0.0",
      "@angular/common": ">=5.0.0 <=6.0.0",
      "rxjs": "^5.4.0"
    }
  }

yarn manifest: 
  No manifest

Lockfile: 
  No lockfile
